#! /c/iverilog/bin/vvp
:ivl_version "0.9.7 " "(v0_9_7)";
:vpi_time_precision + 0;
:vpi_module "system";
:vpi_module "v2005_math";
:vpi_module "va_math";
S_00963000 .scope module, "Dflop" "Dflop" 2 2;
 .timescale 0 0;
L_00965240 .functor AND 1, C4<z>, C4<z>, C4<1>, C4<1>;
v00963088_0 .net "clk", 0 0, C4<z>; 0 drivers
v009650E0_0 .net "in_1", 0 0, C4<z>; 0 drivers
v00965138_0 .net "in_2", 0 0, C4<z>; 0 drivers
v00965190_0 .net "inter", 0 0, L_00965240; 1 drivers
v009651E8_0 .var "out_1", 0 0;
E_01131110 .event posedge, v00963088_0;
    .scope S_00963000;
T_0 ;
    %wait E_01131110;
    %load/v 8, v00965190_0, 1;
    %ix/load 0, 1, 0;
    %assign/v0 v009651E8_0, 0, 8;
    %jmp T_0;
    .thread T_0;
# The file index is used to find the file name in the following table.
:file_names 3;
    "N/A";
    "<interactive>";
    ".\Dflop.v";
